<?xml version="1.0" encoding="UTF-8"?>
<!-- Generated by org.testng.reporters.JUnitReportReporter -->
<testsuite skipped="0" hostname="DESKTOP-R0QK2O8" name="day7.DataProviderExample" tests="4" failures="0" timestamp="20 Apr 2019 17:35:28 GMT" time="0.038" errors="0">
  <testcase name="printTestData" time="0.007" classname="day7.DataProviderExample"/>
  <testcase name="printTestData" time="0.022" classname="day7.DataProviderExample"/>
  <testcase name="printTestData" time="0.005" classname="day7.DataProviderExample"/>
  <testcase name="printTestData" time="0.004" classname="day7.DataProviderExample"/>
</testsuite> <!-- day7.DataProviderExample -->
