<?xml version="1.0" encoding="UTF-8"?>
<!-- Generated by org.testng.reporters.JUnitReportReporter -->
<testsuite skipped="0" hostname="DESKTOP-R0QK2O8" name="day7.TestingExample" tests="2" failures="0" timestamp="20 Apr 2019 16:45:11 GMT" time="0.012" errors="0">
  <testcase name="testcase9" time="0.007" classname="day7.TestingExample"/>
  <testcase name="testcase19" time="0.005" classname="day7.TestingExample"/>
</testsuite> <!-- day7.TestingExample -->
