<?xml version="1.0" encoding="UTF-8"?>
<!-- Generated by org.testng.reporters.JUnitReportReporter -->
<testsuite skipped="1" hostname="DESKTOP-R0QK2O8" name="day7.TestngTesting" tests="3" failures="0" timestamp="20 Apr 2019 16:45:11 GMT" time="0.035" errors="0">
  <testcase name="testcase7" time="0.024" classname="day7.TestngTesting"/>
  <testcase name="testcase4" time="0.011" classname="day7.TestngTesting"/>
  <testcase name="testcase3" classname="day7.TestngTesting">
    <skipped/>
  </testcase> <!-- testcase3 -->
</testsuite> <!-- day7.TestngTesting -->
